# JRE version: OpenJDK Runtime Environment (11.0.8+10) (build 11.0.8+10-b944.6842174)
# Java VM: OpenJDK 64-Bit Server VM (11.0.8+10-b944.6842174, mixed mode, tiered, compressed oops, g1 gc, windows-amd64)
Heap:
 garbage-first heap   total 189440K, used 123106K [0x0000000080000000, 0x0000000100000000)
  region size 1024K, 18 young (18432K), 7 survivors (7168K)
 Metaspace       used 113704K, capacity 116079K, committed 116736K, reserved 1150976K
  class space    used 14087K, capacity 14896K, committed 15104K, reserved 1048576K
GC Heap History (20 events):
Event: 14.912 GC heap before
{Heap before GC invocations=31 (full 0):
 garbage-first heap   total 189440K, used 153459K [0x0000000080000000, 0x0000000100000000)
  region size 1024K, 54 young (55296K), 4 survivors (4096K)
 Metaspace       used 104621K, capacity 107247K, committed 107392K, reserved 1142784K
  class space    used 13329K, capacity 14203K, committed 14208K, reserved 1048576K
}
Event: 14.918 GC heap after
{Heap after GC invocations=32 (full 0):
 garbage-first heap   total 189440K, used 107334K [0x0000000080000000, 0x0000000100000000)
  region size 1024K, 3 young (3072K), 3 survivors (3072K)
 Metaspace       used 104621K, capacity 107247K, committed 107392K, reserved 1142784K
  class space    used 13329K, capacity 14203K, committed 14208K, reserved 1048576K
}
Event: 236.113 GC heap before
{Heap before GC invocations=33 (full 0):
 garbage-first heap   total 189440K, used 157510K [0x0000000080000000, 0x0000000100000000)
  region size 1024K, 52 young (53248K), 3 survivors (3072K)
 Metaspace       used 110466K, capacity 113267K, committed 113408K, reserved 1148928K
  class space    used 13852K, capacity 14778K, committed 14848K, reserved 1048576K
}
Event: 236.120 GC heap after
{Heap after GC invocations=34 (full 0):
 garbage-first heap   total 189440K, used 108792K [0x0000000080000000, 0x0000000100000000)
  region size 1024K, 5 young (5120K), 5 survivors (5120K)
 Metaspace       used 110466K, capacity 113267K, committed 113408K, reserved 1148928K
  class space    used 13852K, capacity 14778K, committed 14848K, reserved 1048576K
}
Event: 3071.119 GC heap before
{Heap before GC invocations=34 (full 0):
 garbage-first heap   total 189440K, used 156920K [0x0000000080000000, 0x0000000100000000)
  region size 1024K, 53 young (54272K), 5 survivors (5120K)
 Metaspace       used 110695K, capacity 113462K, committed 113664K, reserved 1148928K
  class space    used 13852K, capacity 14778K, committed 14848K, reserved 1048576K
}
Event: 3071.127 GC heap after
{Heap after GC invocations=35 (full 0):
 garbage-first heap   total 189440K, used 109093K [0x0000000080000000, 0x0000000100000000)
  region size 1024K, 3 young (3072K), 3 survivors (3072K)
 Metaspace       used 110695K, capacity 113462K, committed 113664K, reserved 1148928K
  class space    used 13852K, capacity 14778K, committed 14848K, reserved 1048576K
}
Event: 5053.316 GC heap before
{Heap before GC invocations=36 (full 0):
 garbage-first heap   total 189440K, used 159269K [0x0000000080000000, 0x0000000100000000)
  region size 1024K, 52 young (53248K), 3 survivors (3072K)
 Metaspace       used 109972K, capacity 112265K, committed 113664K, reserved 1148928K
  class space    used 13674K, capacity 14442K, committed 14848K, reserved 1048576K
}
Event: 5053.328 GC heap after
{Heap after GC invocations=37 (full 0):
 garbage-first heap   total 189440K, used 110059K [0x0000000080000000, 0x0000000100000000)
  region size 1024K, 4 young (4096K), 4 survivors (4096K)
 Metaspace       used 109972K, capacity 112265K, committed 113664K, reserved 1148928K
  class space    used 13674K, capacity 14442K, committed 14848K, reserved 1048576K
}
Event: 5053.411 GC heap before
{Heap before GC invocations=37 (full 0):
 garbage-first heap   total 189440K, used 115179K [0x0000000080000000, 0x0000000100000000)
  region size 1024K, 9 young (9216K), 4 survivors (4096K)
 Metaspace       used 110004K, capacity 112333K, committed 113664K, reserved 1148928K
  class space    used 13674K, capacity 14442K, committed 14848K, reserved 1048576K
}
Event: 5053.441 GC heap after
{Heap after GC invocations=38 (full 0):
 garbage-first heap   total 189440K, used 103081K [0x0000000080000000, 0x0000000100000000)
  region size 1024K, 1 young (1024K), 1 survivors (1024K)
 Metaspace       used 110004K, capacity 112333K, committed 113664K, reserved 1148928K
  class space    used 13674K, capacity 14442K, committed 14848K, reserved 1048576K
}
Event: 5054.245 GC heap before
{Heap before GC invocations=38 (full 0):
 garbage-first heap   total 189440K, used 155305K [0x0000000080000000, 0x0000000100000000)
  region size 1024K, 53 young (54272K), 1 survivors (1024K)
 Metaspace       used 112513K, capacity 114971K, committed 115328K, reserved 1148928K
  class space    used 14013K, capacity 14862K, committed 14976K, reserved 1048576K
}
Event: 5054.261 GC heap after
{Heap after GC invocations=39 (full 0):
 garbage-first heap   total 189440K, used 108823K [0x0000000080000000, 0x0000000100000000)
  region size 1024K, 7 young (7168K), 7 survivors (7168K)
 Metaspace       used 112513K, capacity 114971K, committed 115328K, reserved 1148928K
  class space    used 14013K, capacity 14862K, committed 14976K, reserved 1048576K
}
Event: 5055.054 GC heap before
{Heap before GC invocations=40 (full 0):
 garbage-first heap   total 189440K, used 156951K [0x0000000080000000, 0x0000000100000000)
  region size 1024K, 55 young (56320K), 7 survivors (7168K)
 Metaspace       used 113439K, capacity 115812K, committed 116480K, reserved 1150976K
  class space    used 14087K, capacity 14896K, committed 15104K, reserved 1048576K
}
Event: 5055.062 GC heap after
{Heap after GC invocations=41 (full 0):
 garbage-first heap   total 189440K, used 110957K [0x0000000080000000, 0x0000000100000000)
  region size 1024K, 3 young (3072K), 3 survivors (3072K)
 Metaspace       used 113439K, capacity 115812K, committed 116480K, reserved 1150976K
  class space    used 14087K, capacity 14896K, committed 15104K, reserved 1048576K
}
Event: 5055.123 GC heap before
{Heap before GC invocations=41 (full 0):
 garbage-first heap   total 189440K, used 117101K [0x0000000080000000, 0x0000000100000000)
  region size 1024K, 9 young (9216K), 3 survivors (3072K)
 Metaspace       used 113469K, capacity 115812K, committed 116480K, reserved 1150976K
  class space    used 14087K, capacity 14896K, committed 15104K, reserved 1048576K
}
Event: 5055.139 GC heap after
{Heap after GC invocations=42 (full 0):
 garbage-first heap   total 189440K, used 102276K [0x0000000080000000, 0x0000000100000000)
  region size 1024K, 1 young (1024K), 1 survivors (1024K)
 Metaspace       used 113469K, capacity 115812K, committed 116480K, reserved 1150976K
  class space    used 14087K, capacity 14896K, committed 15104K, reserved 1048576K
}
Event: 5055.252 GC heap before
{Heap before GC invocations=42 (full 0):
 garbage-first heap   total 189440K, used 109444K [0x0000000080000000, 0x0000000100000000)
  region size 1024K, 9 young (9216K), 1 survivors (1024K)
 Metaspace       used 113587K, capacity 115876K, committed 116480K, reserved 1150976K
  class space    used 14087K, capacity 14896K, committed 15104K, reserved 1048576K
}
Event: 5055.259 GC heap after
{Heap after GC invocations=43 (full 0):
 garbage-first heap   total 189440K, used 105054K [0x0000000080000000, 0x0000000100000000)
  region size 1024K, 2 young (2048K), 2 survivors (2048K)
 Metaspace       used 113587K, capacity 115876K, committed 116480K, reserved 1150976K
  class space    used 14087K, capacity 14896K, committed 15104K, reserved 1048576K
}
Event: 5055.670 GC heap before
{Heap before GC invocations=43 (full 0):
 garbage-first heap   total 189440K, used 141918K [0x0000000080000000, 0x0000000100000000)
  region size 1024K, 39 young (39936K), 2 survivors (2048K)
 Metaspace       used 113695K, capacity 116079K, committed 116736K, reserved 1150976K
  class space    used 14087K, capacity 14896K, committed 15104K, reserved 1048576K
}
Event: 5055.676 GC heap after
{Heap after GC invocations=44 (full 0):
 garbage-first heap   total 189440K, used 109794K [0x0000000080000000, 0x0000000100000000)
  region size 1024K, 7 young (7168K), 7 survivors (7168K)
 Metaspace       used 113695K, capacity 116079K, committed 116736K, reserved 1150976K
  class space    used 14087K, capacity 14896K, committed 15104K, reserved 1048576K
}

