# JRE version: OpenJDK Runtime Environment (11.0.8+10) (build 11.0.8+10-b944.6842174)
# Java VM: OpenJDK 64-Bit Server VM (11.0.8+10-b944.6842174, mixed mode, tiered, compressed oops, g1 gc, windows-amd64)
Heap:
 garbage-first heap   total 227328K, used 100869K [0x0000000080000000, 0x0000000100000000)
  region size 1024K, 6 young (6144K), 6 survivors (6144K)
 Metaspace       used 87090K, capacity 89090K, committed 89344K, reserved 1126400K
  class space    used 10978K, capacity 11672K, committed 11776K, reserved 1048576K
GC Heap History (20 events):
Event: 4.264 GC heap after
{Heap after GC invocations=9 (full 0):
 garbage-first heap   total 157696K, used 24924K [0x0000000080000000, 0x0000000100000000)
  region size 1024K, 7 young (7168K), 7 survivors (7168K)
 Metaspace       used 40725K, capacity 41566K, committed 41600K, reserved 1085440K
  class space    used 5200K, capacity 5501K, committed 5504K, reserved 1048576K
}
Event: 4.916 GC heap before
{Heap before GC invocations=9 (full 0):
 garbage-first heap   total 157696K, used 92508K [0x0000000080000000, 0x0000000100000000)
  region size 1024K, 73 young (74752K), 7 survivors (7168K)
 Metaspace       used 44483K, capacity 45533K, committed 45824K, reserved 1089536K
  class space    used 5705K, capacity 6081K, committed 6144K, reserved 1048576K
}
Event: 4.923 GC heap after
{Heap after GC invocations=10 (full 0):
 garbage-first heap   total 157696K, used 28826K [0x0000000080000000, 0x0000000100000000)
  region size 1024K, 8 young (8192K), 8 survivors (8192K)
 Metaspace       used 44483K, capacity 45533K, committed 45824K, reserved 1089536K
  class space    used 5705K, capacity 6081K, committed 6144K, reserved 1048576K
}
Event: 5.603 GC heap before
{Heap before GC invocations=10 (full 0):
 garbage-first heap   total 157696K, used 106650K [0x0000000080000000, 0x0000000100000000)
  region size 1024K, 78 young (79872K), 8 survivors (8192K)
 Metaspace       used 51040K, capacity 52333K, committed 52608K, reserved 1095680K
  class space    used 6503K, capacity 6926K, committed 7040K, reserved 1048576K
}
Event: 5.610 GC heap after
{Heap after GC invocations=11 (full 0):
 garbage-first heap   total 157696K, used 43825K [0x0000000080000000, 0x0000000100000000)
  region size 1024K, 10 young (10240K), 10 survivors (10240K)
 Metaspace       used 51040K, capacity 52333K, committed 52608K, reserved 1095680K
  class space    used 6503K, capacity 6926K, committed 7040K, reserved 1048576K
}
Event: 6.375 GC heap before
{Heap before GC invocations=11 (full 0):
 garbage-first heap   total 157696K, used 105265K [0x0000000080000000, 0x0000000100000000)
  region size 1024K, 71 young (72704K), 10 survivors (10240K)
 Metaspace       used 58627K, capacity 59993K, committed 60160K, reserved 1101824K
  class space    used 7444K, capacity 7946K, committed 8064K, reserved 1048576K
}
Event: 6.394 GC heap after
{Heap after GC invocations=12 (full 0):
 garbage-first heap   total 157696K, used 50670K [0x0000000080000000, 0x0000000100000000)
  region size 1024K, 6 young (6144K), 6 survivors (6144K)
 Metaspace       used 58627K, capacity 59993K, committed 60160K, reserved 1101824K
  class space    used 7444K, capacity 7946K, committed 8064K, reserved 1048576K
}
Event: 6.976 GC heap before
{Heap before GC invocations=13 (full 0):
 garbage-first heap   total 157696K, used 114158K [0x0000000080000000, 0x0000000100000000)
  region size 1024K, 68 young (69632K), 6 survivors (6144K)
 Metaspace       used 63326K, capacity 64795K, committed 64896K, reserved 1105920K
  class space    used 8038K, capacity 8561K, committed 8576K, reserved 1048576K
}
Event: 6.992 GC heap after
{Heap after GC invocations=14 (full 0):
 garbage-first heap   total 189440K, used 54657K [0x0000000080000000, 0x0000000100000000)
  region size 1024K, 6 young (6144K), 6 survivors (6144K)
 Metaspace       used 63326K, capacity 64795K, committed 64896K, reserved 1105920K
  class space    used 8038K, capacity 8561K, committed 8576K, reserved 1048576K
}
Event: 7.934 GC heap before
{Heap before GC invocations=15 (full 0):
 garbage-first heap   total 189440K, used 130433K [0x0000000080000000, 0x0000000100000000)
  region size 1024K, 80 young (81920K), 6 survivors (6144K)
 Metaspace       used 72280K, capacity 73847K, committed 74112K, reserved 1114112K
  class space    used 9441K, capacity 10048K, committed 10112K, reserved 1048576K
}
Event: 7.941 GC heap after
{Heap after GC invocations=16 (full 0):
 garbage-first heap   total 189440K, used 58594K [0x0000000080000000, 0x0000000100000000)
  region size 1024K, 9 young (9216K), 9 survivors (9216K)
 Metaspace       used 72280K, capacity 73847K, committed 74112K, reserved 1114112K
  class space    used 9441K, capacity 10048K, committed 10112K, reserved 1048576K
}
Event: 8.873 GC heap before
{Heap before GC invocations=16 (full 0):
 garbage-first heap   total 189440K, used 140514K [0x0000000080000000, 0x0000000100000000)
  region size 1024K, 90 young (92160K), 9 survivors (9216K)
 Metaspace       used 78345K, capacity 80240K, committed 80384K, reserved 1118208K
  class space    used 10253K, capacity 10925K, committed 11008K, reserved 1048576K
}
Event: 8.886 GC heap after
{Heap after GC invocations=17 (full 0):
 garbage-first heap   total 189440K, used 64401K [0x0000000080000000, 0x0000000100000000)
  region size 1024K, 10 young (10240K), 10 survivors (10240K)
 Metaspace       used 78345K, capacity 80240K, committed 80384K, reserved 1118208K
  class space    used 10253K, capacity 10925K, committed 11008K, reserved 1048576K
}
Event: 10.042 GC heap before
{Heap before GC invocations=17 (full 0):
 garbage-first heap   total 189440K, used 142225K [0x0000000080000000, 0x0000000100000000)
  region size 1024K, 87 young (89088K), 10 survivors (10240K)
 Metaspace       used 80048K, capacity 82016K, committed 82304K, reserved 1120256K
  class space    used 10390K, capacity 11078K, committed 11136K, reserved 1048576K
}
Event: 10.052 GC heap after
{Heap after GC invocations=18 (full 0):
 garbage-first heap   total 189440K, used 71124K [0x0000000080000000, 0x0000000100000000)
  region size 1024K, 7 young (7168K), 7 survivors (7168K)
 Metaspace       used 80048K, capacity 82016K, committed 82304K, reserved 1120256K
  class space    used 10390K, capacity 11078K, committed 11136K, reserved 1048576K
}
Event: 10.609 GC heap before
{Heap before GC invocations=18 (full 0):
 garbage-first heap   total 189440K, used 147924K [0x0000000080000000, 0x0000000100000000)
  region size 1024K, 80 young (81920K), 7 survivors (7168K)
 Metaspace       used 80498K, capacity 82457K, committed 82560K, reserved 1120256K
  class space    used 10422K, capacity 11115K, committed 11136K, reserved 1048576K
}
Event: 10.624 GC heap after
{Heap after GC invocations=19 (full 0):
 garbage-first heap   total 189440K, used 84755K [0x0000000080000000, 0x0000000100000000)
  region size 1024K, 10 young (10240K), 10 survivors (10240K)
 Metaspace       used 80498K, capacity 82457K, committed 82560K, reserved 1120256K
  class space    used 10422K, capacity 11115K, committed 11136K, reserved 1048576K
}
Event: 11.569 GC heap before
{Heap before GC invocations=19 (full 0):
 garbage-first heap   total 189440K, used 145171K [0x0000000080000000, 0x0000000100000000)
  region size 1024K, 61 young (62464K), 10 survivors (10240K)
 Metaspace       used 83769K, capacity 85863K, committed 86016K, reserved 1124352K
  class space    used 10737K, capacity 11439K, committed 11520K, reserved 1048576K
}
Event: 11.588 GC heap after
{Heap after GC invocations=20 (full 0):
 garbage-first heap   total 189440K, used 97069K [0x0000000080000000, 0x0000000100000000)
  region size 1024K, 9 young (9216K), 9 survivors (9216K)
 Metaspace       used 83769K, capacity 85863K, committed 86016K, reserved 1124352K
  class space    used 10737K, capacity 11439K, committed 11520K, reserved 1048576K
}
Event: 12.139 GC heap before
{Heap before GC invocations=21 (full 0):
 garbage-first heap   total 189440K, used 160557K [0x0000000080000000, 0x0000000100000000)
  region size 1024K, 58 young (59392K), 9 survivors (9216K)
 Metaspace       used 87090K, capacity 89090K, committed 89344K, reserved 1126400K
  class space    used 10978K, capacity 11672K, committed 11776K, reserved 1048576K
}

