# JRE version: OpenJDK Runtime Environment (11.0.8+10) (build 11.0.8+10-b944.6842174)
# Java VM: OpenJDK 64-Bit Server VM (11.0.8+10-b944.6842174, mixed mode, tiered, compressed oops, g1 gc, windows-amd64)
Heap:
 garbage-first heap   total 227328K, used 144771K [0x0000000080000000, 0x0000000100000000)
  region size 1024K, 55 young (56320K), 2 survivors (2048K)
 Metaspace       used 92185K, capacity 94249K, committed 94464K, reserved 1132544K
  class space    used 11529K, capacity 12229K, committed 12288K, reserved 1048576K
GC Heap History (20 events):
Event: 5.994 GC heap before
{Heap before GC invocations=11 (full 0):
 garbage-first heap   total 157696K, used 57366K [0x0000000080000000, 0x0000000100000000)
  region size 1024K, 13 young (13312K), 5 survivors (5120K)
 Metaspace       used 58569K, capacity 60015K, committed 60160K, reserved 1101824K
  class space    used 7440K, capacity 7975K, committed 8064K, reserved 1048576K
}
Event: 5.999 GC heap after
{Heap after GC invocations=12 (full 0):
 garbage-first heap   total 157696K, used 50527K [0x0000000080000000, 0x0000000100000000)
  region size 1024K, 6 young (6144K), 6 survivors (6144K)
 Metaspace       used 58569K, capacity 60015K, committed 60160K, reserved 1101824K
  class space    used 7440K, capacity 7975K, committed 8064K, reserved 1048576K
}
Event: 6.664 GC heap before
{Heap before GC invocations=13 (full 0):
 garbage-first heap   total 157696K, used 112991K [0x0000000080000000, 0x0000000100000000)
  region size 1024K, 67 young (68608K), 6 survivors (6144K)
 Metaspace       used 63071K, capacity 64578K, committed 64640K, reserved 1105920K
  class space    used 7993K, capacity 8532K, committed 8576K, reserved 1048576K
}
Event: 6.672 GC heap after
{Heap after GC invocations=14 (full 0):
 garbage-first heap   total 157696K, used 54406K [0x0000000080000000, 0x0000000100000000)
  region size 1024K, 6 young (6144K), 6 survivors (6144K)
 Metaspace       used 63071K, capacity 64578K, committed 64640K, reserved 1105920K
  class space    used 7993K, capacity 8532K, committed 8576K, reserved 1048576K
}
Event: 7.378 GC heap before
{Heap before GC invocations=14 (full 0):
 garbage-first heap   total 157696K, used 115846K [0x0000000080000000, 0x0000000100000000)
  region size 1024K, 66 young (67584K), 6 survivors (6144K)
 Metaspace       used 69275K, capacity 70765K, committed 71040K, reserved 1110016K
  class space    used 9020K, capacity 9574K, committed 9600K, reserved 1048576K
}
Event: 7.386 GC heap after
{Heap after GC invocations=15 (full 0):
 garbage-first heap   total 157696K, used 58351K [0x0000000080000000, 0x0000000100000000)
  region size 1024K, 5 young (5120K), 5 survivors (5120K)
 Metaspace       used 69275K, capacity 70765K, committed 71040K, reserved 1110016K
  class space    used 9020K, capacity 9574K, committed 9600K, reserved 1048576K
}
Event: 8.204 GC heap before
{Heap before GC invocations=15 (full 0):
 garbage-first heap   total 157696K, used 118767K [0x0000000080000000, 0x0000000100000000)
  region size 1024K, 65 young (66560K), 5 survivors (5120K)
 Metaspace       used 76449K, capacity 78128K, committed 78464K, reserved 1118208K
  class space    used 9951K, capacity 10534K, committed 10624K, reserved 1048576K
}
Event: 8.214 GC heap after
{Heap after GC invocations=16 (full 0):
 garbage-first heap   total 189440K, used 61606K [0x0000000080000000, 0x0000000100000000)
  region size 1024K, 8 young (8192K), 8 survivors (8192K)
 Metaspace       used 76449K, capacity 78128K, committed 78464K, reserved 1118208K
  class space    used 9951K, capacity 10534K, committed 10624K, reserved 1048576K
}
Event: 9.086 GC heap before
{Heap before GC invocations=16 (full 0):
 garbage-first heap   total 189440K, used 137382K [0x0000000080000000, 0x0000000100000000)
  region size 1024K, 83 young (84992K), 8 survivors (8192K)
 Metaspace       used 79397K, capacity 81339K, committed 81536K, reserved 1120256K
  class space    used 10335K, capacity 11032K, committed 11136K, reserved 1048576K
}
Event: 9.095 GC heap after
{Heap after GC invocations=17 (full 0):
 garbage-first heap   total 189440K, used 65994K [0x0000000080000000, 0x0000000100000000)
  region size 1024K, 8 young (8192K), 8 survivors (8192K)
 Metaspace       used 79397K, capacity 81339K, committed 81536K, reserved 1120256K
  class space    used 10335K, capacity 11032K, committed 11136K, reserved 1048576K
}
Event: 9.812 GC heap before
{Heap before GC invocations=17 (full 0):
 garbage-first heap   total 189440K, used 145866K [0x0000000080000000, 0x0000000100000000)
  region size 1024K, 84 young (86016K), 8 survivors (8192K)
 Metaspace       used 79750K, capacity 81734K, committed 82048K, reserved 1120256K
  class space    used 10336K, capacity 11032K, committed 11136K, reserved 1048576K
}
Event: 9.827 GC heap after
{Heap after GC invocations=18 (full 0):
 garbage-first heap   total 189440K, used 79378K [0x0000000080000000, 0x0000000100000000)
  region size 1024K, 11 young (11264K), 11 survivors (11264K)
 Metaspace       used 79750K, capacity 81734K, committed 82048K, reserved 1120256K
  class space    used 10336K, capacity 11032K, committed 11136K, reserved 1048576K
}
Event: 10.598 GC heap before
{Heap before GC invocations=18 (full 0):
 garbage-first heap   total 189440K, used 153106K [0x0000000080000000, 0x0000000100000000)
  region size 1024K, 75 young (76800K), 11 survivors (11264K)
 Metaspace       used 83472K, capacity 85554K, committed 85760K, reserved 1124352K
  class space    used 10699K, capacity 11428K, committed 11520K, reserved 1048576K
}
Event: 10.613 GC heap after
{Heap after GC invocations=19 (full 0):
 garbage-first heap   total 189440K, used 91039K [0x0000000080000000, 0x0000000100000000)
  region size 1024K, 10 young (10240K), 10 survivors (10240K)
 Metaspace       used 83472K, capacity 85554K, committed 85760K, reserved 1124352K
  class space    used 10699K, capacity 11428K, committed 11520K, reserved 1048576K
}
Event: 10.876 GC heap before
{Heap before GC invocations=19 (full 0):
 garbage-first heap   total 189440K, used 110495K [0x0000000080000000, 0x0000000100000000)
  region size 1024K, 27 young (27648K), 10 survivors (10240K)
 Metaspace       used 83539K, capacity 85628K, committed 85760K, reserved 1124352K
  class space    used 10705K, capacity 11431K, committed 11520K, reserved 1048576K
}
Event: 10.887 GC heap after
{Heap after GC invocations=20 (full 0):
 garbage-first heap   total 189440K, used 96375K [0x0000000080000000, 0x0000000100000000)
  region size 1024K, 5 young (5120K), 5 survivors (5120K)
 Metaspace       used 83539K, capacity 85628K, committed 85760K, reserved 1124352K
  class space    used 10705K, capacity 11431K, committed 11520K, reserved 1048576K
}
Event: 11.354 GC heap before
{Heap before GC invocations=21 (full 0):
 garbage-first heap   total 189440K, used 159863K [0x0000000080000000, 0x0000000100000000)
  region size 1024K, 56 young (57344K), 5 survivors (5120K)
 Metaspace       used 86806K, capacity 88821K, committed 89344K, reserved 1126400K
  class space    used 10932K, capacity 11652K, committed 11776K, reserved 1048576K
}
Event: 11.362 GC heap after
{Heap after GC invocations=22 (full 0):
 garbage-first heap   total 227328K, used 95603K [0x0000000080000000, 0x0000000100000000)
  region size 1024K, 5 young (5120K), 5 survivors (5120K)
 Metaspace       used 86806K, capacity 88821K, committed 89344K, reserved 1126400K
  class space    used 10932K, capacity 11652K, committed 11776K, reserved 1048576K
}
Event: 11.862 GC heap before
{Heap before GC invocations=22 (full 0):
 garbage-first heap   total 227328K, used 170355K [0x0000000080000000, 0x0000000100000000)
  region size 1024K, 79 young (80896K), 5 survivors (5120K)
 Metaspace       used 88789K, capacity 90872K, committed 91264K, reserved 1128448K
  class space    used 11121K, capacity 11835K, committed 11904K, reserved 1048576K
}
Event: 11.865 GC heap after
{Heap after GC invocations=23 (full 0):
 garbage-first heap   total 227328K, used 92547K [0x0000000080000000, 0x0000000100000000)
  region size 1024K, 2 young (2048K), 2 survivors (2048K)
 Metaspace       used 88789K, capacity 90872K, committed 91264K, reserved 1128448K
  class space    used 11121K, capacity 11835K, committed 11904K, reserved 1048576K
}

